mode: set
task-manager/internal/repository/postgres_task.go:15.68,17.2 1 1
task-manager/internal/repository/postgres_task.go:19.87,26.2 5 1
task-manager/internal/repository/postgres_task.go:28.95,32.26 4 1
task-manager/internal/repository/postgres_task.go:32.26,34.3 1 0
task-manager/internal/repository/postgres_task.go:35.2,35.19 1 1
task-manager/internal/repository/postgres_task.go:38.128,43.18 4 0
task-manager/internal/repository/postgres_task.go:43.18,47.3 3 0
task-manager/internal/repository/postgres_task.go:48.2,48.20 1 0
task-manager/internal/repository/postgres_task.go:48.20,52.3 3 0
task-manager/internal/repository/postgres_task.go:54.2,58.16 4 0
task-manager/internal/repository/postgres_task.go:58.16,60.3 1 0
task-manager/internal/repository/postgres_task.go:61.2,64.18 3 0
task-manager/internal/repository/postgres_task.go:64.18,66.104 2 0
task-manager/internal/repository/postgres_task.go:66.104,68.4 1 0
task-manager/internal/repository/postgres_task.go:69.3,69.28 1 0
task-manager/internal/repository/postgres_task.go:71.2,71.19 1 0
task-manager/internal/repository/postgres_task.go:74.87,78.16 4 0
task-manager/internal/repository/postgres_task.go:78.16,80.3 1 0
task-manager/internal/repository/postgres_task.go:81.2,82.29 2 0
task-manager/internal/repository/postgres_task.go:82.29,84.3 1 0
task-manager/internal/repository/postgres_task.go:85.2,85.12 1 0
task-manager/internal/repository/postgres_task.go:88.78,91.16 3 0
task-manager/internal/repository/postgres_task.go:91.16,93.3 1 0
task-manager/internal/repository/postgres_task.go:94.2,95.29 2 0
task-manager/internal/repository/postgres_task.go:95.29,97.3 1 0
task-manager/internal/repository/postgres_task.go:98.2,98.12 1 0
task-manager/internal/repository/redis_task.go:18.81,20.2 1 0
task-manager/internal/repository/redis_task.go:22.83,25.22 3 0
task-manager/internal/repository/redis_task.go:25.22,27.3 1 0
task-manager/internal/repository/redis_task.go:27.8,27.23 1 0
task-manager/internal/repository/redis_task.go:27.23,29.3 1 0
task-manager/internal/repository/redis_task.go:31.2,32.59 2 0
task-manager/internal/repository/redis_task.go:32.59,34.3 1 0
task-manager/internal/repository/redis_task.go:35.2,35.19 1 0
task-manager/internal/repository/redis_task.go:38.76,41.16 3 0
task-manager/internal/repository/redis_task.go:41.16,43.3 1 0
task-manager/internal/repository/redis_task.go:44.2,44.50 1 0
task-manager/internal/repository/redis_task.go:47.70,50.2 2 0
task-manager/internal/handler/task_handler.go:16.64,18.2 1 0
task-manager/internal/handler/task_handler.go:20.46,27.49 2 0
task-manager/internal/handler/task_handler.go:27.49,30.3 2 0
task-manager/internal/handler/task_handler.go:32.2,38.72 2 0
task-manager/internal/handler/task_handler.go:38.72,41.3 2 0
task-manager/internal/handler/task_handler.go:43.2,43.34 1 0
task-manager/internal/handler/task_handler.go:46.47,48.16 2 0
task-manager/internal/handler/task_handler.go:48.16,51.3 2 0
task-manager/internal/handler/task_handler.go:53.2,54.16 2 0
task-manager/internal/handler/task_handler.go:54.16,57.3 2 0
task-manager/internal/handler/task_handler.go:59.2,59.29 1 0
task-manager/internal/handler/task_handler.go:62.44,70.16 6 0
task-manager/internal/handler/task_handler.go:70.16,73.3 2 0
task-manager/internal/handler/task_handler.go:75.2,75.30 1 0
task-manager/internal/handler/task_handler.go:78.46,80.16 2 0
task-manager/internal/handler/task_handler.go:80.16,83.3 2 0
task-manager/internal/handler/task_handler.go:85.2,91.49 2 0
task-manager/internal/handler/task_handler.go:91.49,94.3 2 0
task-manager/internal/handler/task_handler.go:96.2,103.72 2 0
task-manager/internal/handler/task_handler.go:103.72,106.3 2 0
task-manager/internal/handler/task_handler.go:108.2,108.29 1 0
task-manager/internal/handler/task_handler.go:111.46,113.16 2 0
task-manager/internal/handler/task_handler.go:113.16,116.3 2 0
task-manager/internal/handler/task_handler.go:118.2,118.70 1 0
task-manager/internal/handler/task_handler.go:118.70,121.3 2 0
task-manager/internal/handler/task_handler.go:123.2,123.103 1 0
task-manager/internal/service/task_service.go:20.86,22.2 1 1
task-manager/internal/service/task_service.go:24.80,26.16 2 0
task-manager/internal/service/task_service.go:26.16,28.21 2 0
task-manager/internal/service/task_service.go:28.21,30.4 1 0
task-manager/internal/service/task_service.go:32.2,32.12 1 0
task-manager/internal/service/task_service.go:35.84,36.20 1 1
task-manager/internal/service/task_service.go:36.20,38.32 2 1
task-manager/internal/service/task_service.go:38.32,40.4 1 0
task-manager/internal/service/task_service.go:43.2,44.16 2 1
task-manager/internal/service/task_service.go:44.16,46.3 1 1
task-manager/internal/service/task_service.go:48.2,48.20 1 1
task-manager/internal/service/task_service.go:48.20,50.3 1 1
task-manager/internal/service/task_service.go:51.2,51.18 1 1
task-manager/internal/service/task_service.go:54.122,56.2 1 0
task-manager/internal/service/task_service.go:58.80,60.34 2 0
task-manager/internal/service/task_service.go:60.34,62.3 1 0
task-manager/internal/service/task_service.go:63.2,63.12 1 0
task-manager/internal/service/task_service.go:66.71,68.16 2 0
task-manager/internal/service/task_service.go:68.16,70.21 2 0
task-manager/internal/service/task_service.go:70.21,72.4 1 0
task-manager/internal/service/task_service.go:74.2,74.12 1 0
task-manager/internal/middleware/metrics.go:31.24,34.2 2 0
task-manager/internal/middleware/metrics.go:36.42,37.30 1 0
task-manager/internal/middleware/metrics.go:37.30,40.17 3 0
task-manager/internal/middleware/metrics.go:40.17,42.4 1 0
task-manager/internal/middleware/metrics.go:45.3,46.20 2 0
task-manager/internal/middleware/metrics.go:46.20,48.4 1 0
task-manager/internal/middleware/metrics.go:49.3,59.131 7 0
task-manager/cmd/api/main.go:20.13,27.16 4 0
task-manager/cmd/api/main.go:27.16,29.3 1 0
task-manager/cmd/api/main.go:30.2,33.45 2 0
task-manager/cmd/api/main.go:33.45,35.3 1 0
task-manager/cmd/api/main.go:38.2,39.16 2 0
task-manager/cmd/api/main.go:39.16,41.3 1 0
task-manager/cmd/api/main.go:44.2,47.16 3 0
task-manager/cmd/api/main.go:47.16,49.3 1 0
task-manager/cmd/api/main.go:51.2,62.52 7 0
task-manager/cmd/api/main.go:62.52,64.3 1 0
task-manager/internal/router/router.go:13.64,21.38 4 0
task-manager/internal/router/router.go:21.38,37.3 1 0
task-manager/internal/router/router.go:40.2,44.2 3 0
task-manager/internal/router/router.go:44.2,50.3 5 0
task-manager/internal/router/router.go:53.2,54.2 2 0
task-manager/internal/router/router.go:54.2,60.3 5 0
task-manager/internal/router/router.go:62.2,62.10 1 0
task-manager/pkg/cache/redis.go:10.64,15.61 2 0
task-manager/pkg/cache/redis.go:15.61,17.3 1 0
task-manager/pkg/cache/redis.go:19.2,19.17 1 0
task-manager/pkg/config/config.go:15.21,25.2 1 0
task-manager/pkg/config/config.go:27.42,28.48 1 0
task-manager/pkg/config/config.go:28.48,30.3 1 0
task-manager/pkg/config/config.go:31.2,31.17 1 0
task-manager/pkg/database/postgres.go:13.65,20.25 4 0
task-manager/pkg/database/postgres.go:20.25,22.17 2 0
task-manager/pkg/database/postgres.go:22.17,24.4 1 0
task-manager/pkg/database/postgres.go:25.3,25.17 1 0
task-manager/pkg/database/postgres.go:25.17,26.9 1 0
task-manager/pkg/database/postgres.go:28.3,29.30 2 0
task-manager/pkg/database/postgres.go:32.2,32.16 1 0
task-manager/pkg/database/postgres.go:32.16,34.3 1 0
task-manager/pkg/database/postgres.go:36.2,36.16 1 0
task-manager/pkg/database/postgres.go:39.32,50.2 3 0
